-------------------------------------------------------------------------------
Test set: test.java.ReaderTest
-------------------------------------------------------------------------------
Tests run: 1, Failures: 0, Errors: 1, Skipped: 0, Time elapsed: 0 s <<< FAILURE! - in test.java.ReaderTest
testReaderConstructor  Time elapsed: 0 s  <<< ERROR!
java.lang.VerifyError: 
Expecting a stackmap frame at branch target 129
Exception Details:
  Location:
    main/java/Reader.leArquivo()V @70: aload_1
  Reason:
    Expected stackmap frame at this location.
  Bytecode:
    0000000: 12b5 c000 b74c b800 1812 1ab6 001e 1100
    0000010: 40b6 0024 0336 042b 1006 0454 b800 1812
    0000020: 1ab6 001e 1100 41b6 0024 1504 0460 3605
    0000030: 2b10 0704 54b8 0018 121a b600 1e11 0042
    0000040: b600 2401 3a06 2b10 0804 54b8 0018 121a
    0000050: b600 1e11 0044 b600 24bb 0037 592a b400
    0000060: 29b7 0039 3a06 2b10 0904 54b8 0018 121a
    0000070: b600 1e11 0047 b600 242b 100a 0454 a700
    0000080: 3cb8 0018 121a b600 1e11 0045 b600 243a
    0000090: 072b 100b 0454 b800 1812 1ab6 001e 1100
    00000a0: 46b6 0024 1202 b600 3fb8 0045 b200 4b01
    00000b0: 124d b600 512b 100c 0454 b800 1812 1ab6
    00000c0: 001e 1100 48b6 0024 014d 2b10 0d04 54b8
    00000d0: 0018 121a b600 1e11 004a b600 24bb 0053
    00000e0: 5919 06b7 0056 4d2b 100e 0454 b800 1812
    00000f0: 1ab6 001e 1100 4bb6 0024 2a2c b600 59b8
    0000100: 005f b600 63b5 0065 2b10 0f04 54b8 0018
    0000110: 121a b600 1e11 004d b600 2403 3607 2b10
    0000120: 1004 5415 072a b400 65a2 0047 2b10 1104
    0000130: 54b8 0018 121a b600 1e11 004e b600 242a
    0000140: b400 30bb 0067 5915 0704 60b7 0069 b600
    0000150: 6d57 2b10 1204 54b8 0018 121a b600 1e11
    0000160: 004d b600 2484 0701 2b10 1304 54a7 ffb6
    0000170: b800 1812 1ab6 001e 1100 51b6 0024 0336
    0000180: 072b 1014 0454 1507 2ab4 0065 a100 0b2b
    0000190: 1015 0454 a700 5c2b 1016 0454 b800 1812
    00001a0: 1ab6 001e 1100 52b6 0024 2ab4 002e bb00
    00001b0: 6f59 2ab4 0030 1507 b600 73c0 0067 2ab4
    00001c0: 0030 1507 b600 73c0 0067 0bb7 0076 b600
    00001d0: 6d57 2b10 1704 54b8 0018 121a b600 1e11
    00001e0: 0051 b600 2484 0701 2b10 1804 54a7 ff99
    00001f0: b800 1812 1ab6 001e 1100 55b6 0024 2cb6
    0000200: 007a 9900 cc2b 1019 0454 b800 1812 1ab6
    0000210: 001e 1100 56b6 0024 2cb6 0059 4e2b 101a
    0000220: 0454 b800 1812 1ab6 001e 1100 57b6 0024
    0000230: 2d12 7cb6 0082 9900 3a2b 101b 0454 b800
    0000240: 1812 1ab6 001e 1100 58b6 0024 8404 012b
    0000250: 101c 0454 b800 1812 1ab6 001e 1100 59b6
    0000260: 0024 1504 0460 3605 2b10 1d04 54a7 ff83
    0000270: b800 1812 1ab6 001e 1100 5bb6 0024 2ab4
    0000280: 002e bb00 6f59 2ab4 0030 1504 0464 b600
    0000290: 73c0 0067 2ab4 0030 1505 0464 b600 73c0
    00002a0: 0067 2db8 0087 b600 8bb7 0076 b600 6d57
    00002b0: 2b10 1e04 54b8 0018 121a b600 1e11 005c
    00002c0: b600 2484 0501 2b10 1f04 54a7 ff25 b800
    00002d0: 1812 1ab6 001e 1100 62b6 0024 2cb6 008e
    00002e0: 2b10 2004 54b8 0018 121a b600 1e11 0063
    00002f0: b600 242b 1021 0454 a700 98b8 0018 121a
    0000300: b600 1e11 005f b600 243a 072b 1022 0454
    0000310: b800 1812 1ab6 001e 1100 60b6 0024 1202
    0000320: b600 3fb8 0045 b200 4b01 1907 b600 912b
    0000330: 1023 0454 b800 1812 1ab6 001e 1100 62b6
    0000340: 0024 2cb6 008e 2b10 2404 54b8 0018 121a
    0000350: b600 1e11 0063 b600 242b 1025 0454 a700
    0000360: 32b8 0018 121a b600 1e11 0062 b600 243a
    0000370: 082c b600 8e2b 1026 0454 b800 1812 1ab6
    0000380: 001e 1100 63b6 0024 1908 2b10 2704 54bf
    0000390: b800 1812 1ab6 001e 1100 64b6 0024 2b10
    00003a0: 2804 54b1                              
  Exception Handler Table:
    bci [70, 102] => handler: 129
    bci [202, 718] => handler: 763
    bci [202, 718] => handler: 865
    bci [763, 815] => handler: 865
    bci [865, 881] => handler: 865

	at test.java.ReaderTest.testReaderConstructor(ReaderTest.java:17)

